
*** Running vivado
    with args -log system_fir_compiler_6_0.vds -m64 -product Vivado -mode batch -messageDb vivado.pb -notrace -source system_fir_compiler_6_0.tcl


****** Vivado v2016.4 (64-bit)
  **** SW Build 1756540 on Mon Jan 23 19:11:23 MST 2017
  **** IP Build 1755317 on Mon Jan 23 20:30:07 MST 2017
    ** Copyright 1986-2016 Xilinx, Inc. All Rights Reserved.

source system_fir_compiler_6_0.tcl -notrace
Starting RTL Elaboration : Time (s): cpu = 00:00:11 ; elapsed = 00:00:26 . Memory (MB): peak = 298.344 ; gain = 88.070
INFO: [Synth 8-638] synthesizing module 'system_fir_compiler_6_0' [c:/Users/Mykho/Documents/repos/LineArrayZybo/LineArray/LineArray/LineArray.srcs/sources_1/bd/system/ip/system_fir_compiler_6_0/synth/system_fir_compiler_6_0.vhd:70]
INFO: [Synth 8-256] done synthesizing module 'system_fir_compiler_6_0' (12#1) [c:/Users/Mykho/Documents/repos/LineArrayZybo/LineArray/LineArray/LineArray.srcs/sources_1/bd/system/ip/system_fir_compiler_6_0/synth/system_fir_compiler_6_0.vhd:70]
Finished RTL Elaboration : Time (s): cpu = 00:00:22 ; elapsed = 00:00:38 . Memory (MB): peak = 365.105 ; gain = 154.832
Finished RTL Optimization Phase 1 : Time (s): cpu = 00:00:22 ; elapsed = 00:00:38 . Memory (MB): peak = 365.105 ; gain = 154.832
INFO: [Device 21-403] Loading part xc7z010clg400-1
Constraint Validation Runtime : Time (s): cpu = 00:00:00 ; elapsed = 00:00:00.173 . Memory (MB): peak = 563.152 ; gain = 0.000
Finished Constraint Validation : Time (s): cpu = 00:00:35 ; elapsed = 00:00:54 . Memory (MB): peak = 563.152 ; gain = 352.879
Finished Loading Part and Timing Information : Time (s): cpu = 00:00:35 ; elapsed = 00:00:54 . Memory (MB): peak = 563.152 ; gain = 352.879
Finished applying 'set_property' XDC Constraints : Time (s): cpu = 00:00:35 ; elapsed = 00:00:54 . Memory (MB): peak = 563.152 ; gain = 352.879
Finished RTL Optimization Phase 2 : Time (s): cpu = 00:00:36 ; elapsed = 00:00:55 . Memory (MB): peak = 563.152 ; gain = 352.879
Finished Cross Boundary and Area Optimization : Time (s): cpu = 00:00:37 ; elapsed = 00:00:56 . Memory (MB): peak = 563.152 ; gain = 352.879
Finished Applying XDC Timing Constraints : Time (s): cpu = 00:00:57 ; elapsed = 00:01:17 . Memory (MB): peak = 637.324 ; gain = 427.051
Finished Timing Optimization : Time (s): cpu = 00:00:57 ; elapsed = 00:01:17 . Memory (MB): peak = 638.336 ; gain = 428.063
Finished Technology Mapping : Time (s): cpu = 00:00:58 ; elapsed = 00:01:17 . Memory (MB): peak = 658.707 ; gain = 448.434
Finished IO Insertion : Time (s): cpu = 00:00:58 ; elapsed = 00:01:18 . Memory (MB): peak = 658.707 ; gain = 448.434
Finished Renaming Generated Instances : Time (s): cpu = 00:00:58 ; elapsed = 00:01:18 . Memory (MB): peak = 658.707 ; gain = 448.434
Finished Rebuilding User Hierarchy : Time (s): cpu = 00:00:58 ; elapsed = 00:01:18 . Memory (MB): peak = 658.707 ; gain = 448.434
Finished Renaming Generated Ports : Time (s): cpu = 00:00:58 ; elapsed = 00:01:18 . Memory (MB): peak = 658.707 ; gain = 448.434
Finished Handling Custom Attributes : Time (s): cpu = 00:00:59 ; elapsed = 00:01:18 . Memory (MB): peak = 658.707 ; gain = 448.434
Finished Renaming Generated Nets : Time (s): cpu = 00:00:59 ; elapsed = 00:01:18 . Memory (MB): peak = 658.707 ; gain = 448.434

Report Cell Usage: 
+------+-----------+------+
|      |Cell       |Count |
+------+-----------+------+
|1     |CARRY4     |     6|
|2     |DSP48E1    |     1|
|3     |LUT1       |     8|
|4     |LUT2       |    16|
|5     |LUT3       |     6|
|6     |LUT4       |     2|
|7     |LUT5       |     1|
|8     |LUT6       |     4|
|9     |RAMB18E1   |     1|
|10    |RAMB18E1_1 |     1|
|11    |SRL16E     |    27|
|12    |FDRE       |   100|
+------+-----------+------+
Finished Writing Synthesis Report : Time (s): cpu = 00:00:59 ; elapsed = 00:01:18 . Memory (MB): peak = 658.707 ; gain = 448.434
synth_design: Time (s): cpu = 00:00:57 ; elapsed = 00:01:02 . Memory (MB): peak = 658.707 ; gain = 439.699
