
*** Running vivado
    with args -log system_fir_compiler_9_4.vds -m64 -product Vivado -mode batch -messageDb vivado.pb -notrace -source system_fir_compiler_9_4.tcl


****** Vivado v2016.4 (64-bit)
  **** SW Build 1756540 on Mon Jan 23 19:11:23 MST 2017
  **** IP Build 1755317 on Mon Jan 23 20:30:07 MST 2017
    ** Copyright 1986-2016 Xilinx, Inc. All Rights Reserved.

source system_fir_compiler_9_4.tcl -notrace
Starting RTL Elaboration : Time (s): cpu = 00:00:09 ; elapsed = 00:00:16 . Memory (MB): peak = 297.316 ; gain = 87.480
INFO: [Synth 8-638] synthesizing module 'system_fir_compiler_9_4' [c:/Users/Mykho/Documents/repos/LineArrayZybo/LineArray/LineArray/LineArray.srcs/sources_1/bd/system/ip/system_fir_compiler_9_4/synth/system_fir_compiler_9_4.vhd:70]
INFO: [Synth 8-256] done synthesizing module 'system_fir_compiler_9_4' (10#1) [c:/Users/Mykho/Documents/repos/LineArrayZybo/LineArray/LineArray/LineArray.srcs/sources_1/bd/system/ip/system_fir_compiler_9_4/synth/system_fir_compiler_9_4.vhd:70]
Finished RTL Elaboration : Time (s): cpu = 00:00:20 ; elapsed = 00:00:27 . Memory (MB): peak = 368.051 ; gain = 158.215
Finished RTL Optimization Phase 1 : Time (s): cpu = 00:00:20 ; elapsed = 00:00:27 . Memory (MB): peak = 368.051 ; gain = 158.215
INFO: [Device 21-403] Loading part xc7z010clg400-1
Constraint Validation Runtime : Time (s): cpu = 00:00:00 ; elapsed = 00:00:00.028 . Memory (MB): peak = 563.594 ; gain = 0.000
Finished Constraint Validation : Time (s): cpu = 00:00:34 ; elapsed = 00:00:43 . Memory (MB): peak = 563.594 ; gain = 353.758
Finished Loading Part and Timing Information : Time (s): cpu = 00:00:34 ; elapsed = 00:00:43 . Memory (MB): peak = 563.594 ; gain = 353.758
Finished applying 'set_property' XDC Constraints : Time (s): cpu = 00:00:34 ; elapsed = 00:00:43 . Memory (MB): peak = 563.594 ; gain = 353.758
Finished RTL Optimization Phase 2 : Time (s): cpu = 00:00:34 ; elapsed = 00:00:44 . Memory (MB): peak = 563.594 ; gain = 353.758
Finished Cross Boundary and Area Optimization : Time (s): cpu = 00:00:35 ; elapsed = 00:00:45 . Memory (MB): peak = 563.594 ; gain = 353.758
Finished Applying XDC Timing Constraints : Time (s): cpu = 00:00:56 ; elapsed = 00:01:06 . Memory (MB): peak = 644.371 ; gain = 434.535
Finished Timing Optimization : Time (s): cpu = 00:00:56 ; elapsed = 00:01:06 . Memory (MB): peak = 648.469 ; gain = 438.633
Finished Technology Mapping : Time (s): cpu = 00:00:56 ; elapsed = 00:01:06 . Memory (MB): peak = 667.813 ; gain = 457.977
Finished IO Insertion : Time (s): cpu = 00:00:57 ; elapsed = 00:01:07 . Memory (MB): peak = 667.813 ; gain = 457.977
Finished Renaming Generated Instances : Time (s): cpu = 00:00:57 ; elapsed = 00:01:07 . Memory (MB): peak = 667.813 ; gain = 457.977
Finished Rebuilding User Hierarchy : Time (s): cpu = 00:00:57 ; elapsed = 00:01:07 . Memory (MB): peak = 667.813 ; gain = 457.977
Finished Renaming Generated Ports : Time (s): cpu = 00:00:57 ; elapsed = 00:01:07 . Memory (MB): peak = 667.813 ; gain = 457.977
Finished Handling Custom Attributes : Time (s): cpu = 00:00:57 ; elapsed = 00:01:07 . Memory (MB): peak = 667.813 ; gain = 457.977
Finished Renaming Generated Nets : Time (s): cpu = 00:00:57 ; elapsed = 00:01:07 . Memory (MB): peak = 667.813 ; gain = 457.977

Report Cell Usage: 
+------+-----------+------+
|      |Cell       |Count |
+------+-----------+------+
|1     |CARRY4     |     6|
|2     |DSP48E1    |     1|
|3     |LUT1       |    17|
|4     |LUT2       |    12|
|5     |LUT4       |     1|
|6     |LUT5       |     1|
|7     |LUT6       |     2|
|8     |RAMB36E1   |     2|
|9     |RAMB36E1_1 |     1|
|10    |RAMB36E1_2 |     1|
|11    |SRL16E     |    19|
|12    |FDRE       |    81|
+------+-----------+------+
Finished Writing Synthesis Report : Time (s): cpu = 00:00:57 ; elapsed = 00:01:07 . Memory (MB): peak = 667.813 ; gain = 457.977
synth_design: Time (s): cpu = 00:00:55 ; elapsed = 00:01:02 . Memory (MB): peak = 667.813 ; gain = 449.125
