Copyright 1986-2016 Xilinx, Inc. All Rights Reserved.
------------------------------------------------------------------------------------
| Tool Version : Vivado v.2016.4 (win64) Build 1756540 Mon Jan 23 19:11:23 MST 2017
| Date         : Mon Jan 28 16:52:26 2019
| Host         : Mykho_Laptop running 64-bit major release  (build 9200)
| Command      : report_drc -file system_wrapper_drc_opted.rpt
| Design       : system_wrapper
| Device       : xc7z010clg400-1
| Speed File   : -1
| Design State : Synthesized
------------------------------------------------------------------------------------

Report DRC

Table of Contents
-----------------
1. REPORT SUMMARY
2. REPORT DETAILS

1. REPORT SUMMARY
-----------------
            Netlist: netlist
          Floorplan: design_1
      Design limits: <entire design considered>
           Ruledeck: default
             Max violations: <unlimited>
             Violations found: 36
+--------+----------+------------------------+------------+
| Rule   | Severity | Description            | Violations |
+--------+----------+------------------------+------------+
| DPIP-1 | Warning  | Input pipelining       | 18         |
| DPOP-1 | Warning  | PREG Output pipelining | 9          |
| DPOP-2 | Warning  | MREG Output pipelining | 9          |
+--------+----------+------------------------+------------+

2. REPORT DETAILS
-----------------
DPIP-1#1 Warning
Input pipelining  
DSP system_i/SpeakerGain_v1_0_0/U0/Gain_inst/ARG input system_i/SpeakerGain_v1_0_0/U0/Gain_inst/ARG/A[29:0] is not pipelined. Pipelining DSP48 input will improve performance.
Related violations: <none>

DPIP-1#2 Warning
Input pipelining  
DSP system_i/SpeakerGain_v1_0_0/U0/Gain_inst/ARG input system_i/SpeakerGain_v1_0_0/U0/Gain_inst/ARG/B[17:0] is not pipelined. Pipelining DSP48 input will improve performance.
Related violations: <none>

DPIP-1#3 Warning
Input pipelining  
DSP system_i/SpeakerGain_v1_0_0/U0/Gain_inst/ARG__0 input system_i/SpeakerGain_v1_0_0/U0/Gain_inst/ARG__0/A[29:0] is not pipelined. Pipelining DSP48 input will improve performance.
Related violations: <none>

DPIP-1#4 Warning
Input pipelining  
DSP system_i/SpeakerGain_v1_0_0/U0/Gain_inst/ARG__0 input system_i/SpeakerGain_v1_0_0/U0/Gain_inst/ARG__0/B[17:0] is not pipelined. Pipelining DSP48 input will improve performance.
Related violations: <none>

DPIP-1#5 Warning
Input pipelining  
DSP system_i/SpeakerGain_v1_0_0/U0/Gain_inst/ARG__1 input system_i/SpeakerGain_v1_0_0/U0/Gain_inst/ARG__1/A[29:0] is not pipelined. Pipelining DSP48 input will improve performance.
Related violations: <none>

DPIP-1#6 Warning
Input pipelining  
DSP system_i/SpeakerGain_v1_0_0/U0/Gain_inst/ARG__1 input system_i/SpeakerGain_v1_0_0/U0/Gain_inst/ARG__1/B[17:0] is not pipelined. Pipelining DSP48 input will improve performance.
Related violations: <none>

DPIP-1#7 Warning
Input pipelining  
DSP system_i/SpeakerGain_v1_0_0/U0/Gain_inst/ARG__2 input system_i/SpeakerGain_v1_0_0/U0/Gain_inst/ARG__2/A[29:0] is not pipelined. Pipelining DSP48 input will improve performance.
Related violations: <none>

DPIP-1#8 Warning
Input pipelining  
DSP system_i/SpeakerGain_v1_0_0/U0/Gain_inst/ARG__2 input system_i/SpeakerGain_v1_0_0/U0/Gain_inst/ARG__2/B[17:0] is not pipelined. Pipelining DSP48 input will improve performance.
Related violations: <none>

DPIP-1#9 Warning
Input pipelining  
DSP system_i/SpeakerGain_v1_0_0/U0/Gain_inst/ARG__3 input system_i/SpeakerGain_v1_0_0/U0/Gain_inst/ARG__3/A[29:0] is not pipelined. Pipelining DSP48 input will improve performance.
Related violations: <none>

DPIP-1#10 Warning
Input pipelining  
DSP system_i/SpeakerGain_v1_0_0/U0/Gain_inst/ARG__3 input system_i/SpeakerGain_v1_0_0/U0/Gain_inst/ARG__3/B[17:0] is not pipelined. Pipelining DSP48 input will improve performance.
Related violations: <none>

DPIP-1#11 Warning
Input pipelining  
DSP system_i/SpeakerGain_v1_0_0/U0/Gain_inst/ARG__4 input system_i/SpeakerGain_v1_0_0/U0/Gain_inst/ARG__4/A[29:0] is not pipelined. Pipelining DSP48 input will improve performance.
Related violations: <none>

DPIP-1#12 Warning
Input pipelining  
DSP system_i/SpeakerGain_v1_0_0/U0/Gain_inst/ARG__4 input system_i/SpeakerGain_v1_0_0/U0/Gain_inst/ARG__4/B[17:0] is not pipelined. Pipelining DSP48 input will improve performance.
Related violations: <none>

DPIP-1#13 Warning
Input pipelining  
DSP system_i/SpeakerGain_v1_0_0/U0/Gain_inst/ARG__5 input system_i/SpeakerGain_v1_0_0/U0/Gain_inst/ARG__5/A[29:0] is not pipelined. Pipelining DSP48 input will improve performance.
Related violations: <none>

DPIP-1#14 Warning
Input pipelining  
DSP system_i/SpeakerGain_v1_0_0/U0/Gain_inst/ARG__5 input system_i/SpeakerGain_v1_0_0/U0/Gain_inst/ARG__5/B[17:0] is not pipelined. Pipelining DSP48 input will improve performance.
Related violations: <none>

DPIP-1#15 Warning
Input pipelining  
DSP system_i/SpeakerGain_v1_0_0/U0/Gain_inst/ARG__6 input system_i/SpeakerGain_v1_0_0/U0/Gain_inst/ARG__6/A[29:0] is not pipelined. Pipelining DSP48 input will improve performance.
Related violations: <none>

DPIP-1#16 Warning
Input pipelining  
DSP system_i/SpeakerGain_v1_0_0/U0/Gain_inst/ARG__6 input system_i/SpeakerGain_v1_0_0/U0/Gain_inst/ARG__6/B[17:0] is not pipelined. Pipelining DSP48 input will improve performance.
Related violations: <none>

DPIP-1#17 Warning
Input pipelining  
DSP system_i/SpeakerGain_v1_0_0/U0/Gain_inst/ARG__7 input system_i/SpeakerGain_v1_0_0/U0/Gain_inst/ARG__7/A[29:0] is not pipelined. Pipelining DSP48 input will improve performance.
Related violations: <none>

DPIP-1#18 Warning
Input pipelining  
DSP system_i/SpeakerGain_v1_0_0/U0/Gain_inst/ARG__7 input system_i/SpeakerGain_v1_0_0/U0/Gain_inst/ARG__7/B[17:0] is not pipelined. Pipelining DSP48 input will improve performance.
Related violations: <none>

DPOP-1#1 Warning
PREG Output pipelining  
DSP system_i/SpeakerGain_v1_0_0/U0/Gain_inst/ARG output system_i/SpeakerGain_v1_0_0/U0/Gain_inst/ARG/P[47:0] is not pipelined (PREG=0). Pipelining the DSP48 output will improve performance and often saves power so it is suggested whenever possible to fully pipeline this function.  If this DSP48 function was inferred, it is suggested to describe an additional register stage after this function.  If the DSP48 was instantiated in the design, it is suggested to set the PREG attribute to 1.
Related violations: <none>

DPOP-1#2 Warning
PREG Output pipelining  
DSP system_i/SpeakerGain_v1_0_0/U0/Gain_inst/ARG__0 output system_i/SpeakerGain_v1_0_0/U0/Gain_inst/ARG__0/P[47:0] is not pipelined (PREG=0). Pipelining the DSP48 output will improve performance and often saves power so it is suggested whenever possible to fully pipeline this function.  If this DSP48 function was inferred, it is suggested to describe an additional register stage after this function.  If the DSP48 was instantiated in the design, it is suggested to set the PREG attribute to 1.
Related violations: <none>

DPOP-1#3 Warning
PREG Output pipelining  
DSP system_i/SpeakerGain_v1_0_0/U0/Gain_inst/ARG__1 output system_i/SpeakerGain_v1_0_0/U0/Gain_inst/ARG__1/P[47:0] is not pipelined (PREG=0). Pipelining the DSP48 output will improve performance and often saves power so it is suggested whenever possible to fully pipeline this function.  If this DSP48 function was inferred, it is suggested to describe an additional register stage after this function.  If the DSP48 was instantiated in the design, it is suggested to set the PREG attribute to 1.
Related violations: <none>

DPOP-1#4 Warning
PREG Output pipelining  
DSP system_i/SpeakerGain_v1_0_0/U0/Gain_inst/ARG__2 output system_i/SpeakerGain_v1_0_0/U0/Gain_inst/ARG__2/P[47:0] is not pipelined (PREG=0). Pipelining the DSP48 output will improve performance and often saves power so it is suggested whenever possible to fully pipeline this function.  If this DSP48 function was inferred, it is suggested to describe an additional register stage after this function.  If the DSP48 was instantiated in the design, it is suggested to set the PREG attribute to 1.
Related violations: <none>

DPOP-1#5 Warning
PREG Output pipelining  
DSP system_i/SpeakerGain_v1_0_0/U0/Gain_inst/ARG__3 output system_i/SpeakerGain_v1_0_0/U0/Gain_inst/ARG__3/P[47:0] is not pipelined (PREG=0). Pipelining the DSP48 output will improve performance and often saves power so it is suggested whenever possible to fully pipeline this function.  If this DSP48 function was inferred, it is suggested to describe an additional register stage after this function.  If the DSP48 was instantiated in the design, it is suggested to set the PREG attribute to 1.
Related violations: <none>

DPOP-1#6 Warning
PREG Output pipelining  
DSP system_i/SpeakerGain_v1_0_0/U0/Gain_inst/ARG__4 output system_i/SpeakerGain_v1_0_0/U0/Gain_inst/ARG__4/P[47:0] is not pipelined (PREG=0). Pipelining the DSP48 output will improve performance and often saves power so it is suggested whenever possible to fully pipeline this function.  If this DSP48 function was inferred, it is suggested to describe an additional register stage after this function.  If the DSP48 was instantiated in the design, it is suggested to set the PREG attribute to 1.
Related violations: <none>

DPOP-1#7 Warning
PREG Output pipelining  
DSP system_i/SpeakerGain_v1_0_0/U0/Gain_inst/ARG__5 output system_i/SpeakerGain_v1_0_0/U0/Gain_inst/ARG__5/P[47:0] is not pipelined (PREG=0). Pipelining the DSP48 output will improve performance and often saves power so it is suggested whenever possible to fully pipeline this function.  If this DSP48 function was inferred, it is suggested to describe an additional register stage after this function.  If the DSP48 was instantiated in the design, it is suggested to set the PREG attribute to 1.
Related violations: <none>

DPOP-1#8 Warning
PREG Output pipelining  
DSP system_i/SpeakerGain_v1_0_0/U0/Gain_inst/ARG__6 output system_i/SpeakerGain_v1_0_0/U0/Gain_inst/ARG__6/P[47:0] is not pipelined (PREG=0). Pipelining the DSP48 output will improve performance and often saves power so it is suggested whenever possible to fully pipeline this function.  If this DSP48 function was inferred, it is suggested to describe an additional register stage after this function.  If the DSP48 was instantiated in the design, it is suggested to set the PREG attribute to 1.
Related violations: <none>

DPOP-1#9 Warning
PREG Output pipelining  
DSP system_i/SpeakerGain_v1_0_0/U0/Gain_inst/ARG__7 output system_i/SpeakerGain_v1_0_0/U0/Gain_inst/ARG__7/P[47:0] is not pipelined (PREG=0). Pipelining the DSP48 output will improve performance and often saves power so it is suggested whenever possible to fully pipeline this function.  If this DSP48 function was inferred, it is suggested to describe an additional register stage after this function.  If the DSP48 was instantiated in the design, it is suggested to set the PREG attribute to 1.
Related violations: <none>

DPOP-2#1 Warning
MREG Output pipelining  
DSP system_i/SpeakerGain_v1_0_0/U0/Gain_inst/ARG multiplier stage system_i/SpeakerGain_v1_0_0/U0/Gain_inst/ARG/P[47:0] is not pipelined (MREG=0). Pipelining the multiplier function will improve performance and will save significant power so it is suggested whenever possible to fully pipeline this function.  If this multiplier was inferred, it is suggested to describe an additional register stage after this function.  If there is no registered adder/accumulator following the multiply function, two pipeline stages are suggested to allow both the MREG and PREG registers to be used.  If the DSP48 was instantiated in the design, it is suggested to set both the MREG and PREG attributes to 1 when performing multiply functions.
Related violations: <none>

DPOP-2#2 Warning
MREG Output pipelining  
DSP system_i/SpeakerGain_v1_0_0/U0/Gain_inst/ARG__0 multiplier stage system_i/SpeakerGain_v1_0_0/U0/Gain_inst/ARG__0/P[47:0] is not pipelined (MREG=0). Pipelining the multiplier function will improve performance and will save significant power so it is suggested whenever possible to fully pipeline this function.  If this multiplier was inferred, it is suggested to describe an additional register stage after this function.  If there is no registered adder/accumulator following the multiply function, two pipeline stages are suggested to allow both the MREG and PREG registers to be used.  If the DSP48 was instantiated in the design, it is suggested to set both the MREG and PREG attributes to 1 when performing multiply functions.
Related violations: <none>

DPOP-2#3 Warning
MREG Output pipelining  
DSP system_i/SpeakerGain_v1_0_0/U0/Gain_inst/ARG__1 multiplier stage system_i/SpeakerGain_v1_0_0/U0/Gain_inst/ARG__1/P[47:0] is not pipelined (MREG=0). Pipelining the multiplier function will improve performance and will save significant power so it is suggested whenever possible to fully pipeline this function.  If this multiplier was inferred, it is suggested to describe an additional register stage after this function.  If there is no registered adder/accumulator following the multiply function, two pipeline stages are suggested to allow both the MREG and PREG registers to be used.  If the DSP48 was instantiated in the design, it is suggested to set both the MREG and PREG attributes to 1 when performing multiply functions.
Related violations: <none>

DPOP-2#4 Warning
MREG Output pipelining  
DSP system_i/SpeakerGain_v1_0_0/U0/Gain_inst/ARG__2 multiplier stage system_i/SpeakerGain_v1_0_0/U0/Gain_inst/ARG__2/P[47:0] is not pipelined (MREG=0). Pipelining the multiplier function will improve performance and will save significant power so it is suggested whenever possible to fully pipeline this function.  If this multiplier was inferred, it is suggested to describe an additional register stage after this function.  If there is no registered adder/accumulator following the multiply function, two pipeline stages are suggested to allow both the MREG and PREG registers to be used.  If the DSP48 was instantiated in the design, it is suggested to set both the MREG and PREG attributes to 1 when performing multiply functions.
Related violations: <none>

DPOP-2#5 Warning
MREG Output pipelining  
DSP system_i/SpeakerGain_v1_0_0/U0/Gain_inst/ARG__3 multiplier stage system_i/SpeakerGain_v1_0_0/U0/Gain_inst/ARG__3/P[47:0] is not pipelined (MREG=0). Pipelining the multiplier function will improve performance and will save significant power so it is suggested whenever possible to fully pipeline this function.  If this multiplier was inferred, it is suggested to describe an additional register stage after this function.  If there is no registered adder/accumulator following the multiply function, two pipeline stages are suggested to allow both the MREG and PREG registers to be used.  If the DSP48 was instantiated in the design, it is suggested to set both the MREG and PREG attributes to 1 when performing multiply functions.
Related violations: <none>

DPOP-2#6 Warning
MREG Output pipelining  
DSP system_i/SpeakerGain_v1_0_0/U0/Gain_inst/ARG__4 multiplier stage system_i/SpeakerGain_v1_0_0/U0/Gain_inst/ARG__4/P[47:0] is not pipelined (MREG=0). Pipelining the multiplier function will improve performance and will save significant power so it is suggested whenever possible to fully pipeline this function.  If this multiplier was inferred, it is suggested to describe an additional register stage after this function.  If there is no registered adder/accumulator following the multiply function, two pipeline stages are suggested to allow both the MREG and PREG registers to be used.  If the DSP48 was instantiated in the design, it is suggested to set both the MREG and PREG attributes to 1 when performing multiply functions.
Related violations: <none>

DPOP-2#7 Warning
MREG Output pipelining  
DSP system_i/SpeakerGain_v1_0_0/U0/Gain_inst/ARG__5 multiplier stage system_i/SpeakerGain_v1_0_0/U0/Gain_inst/ARG__5/P[47:0] is not pipelined (MREG=0). Pipelining the multiplier function will improve performance and will save significant power so it is suggested whenever possible to fully pipeline this function.  If this multiplier was inferred, it is suggested to describe an additional register stage after this function.  If there is no registered adder/accumulator following the multiply function, two pipeline stages are suggested to allow both the MREG and PREG registers to be used.  If the DSP48 was instantiated in the design, it is suggested to set both the MREG and PREG attributes to 1 when performing multiply functions.
Related violations: <none>

DPOP-2#8 Warning
MREG Output pipelining  
DSP system_i/SpeakerGain_v1_0_0/U0/Gain_inst/ARG__6 multiplier stage system_i/SpeakerGain_v1_0_0/U0/Gain_inst/ARG__6/P[47:0] is not pipelined (MREG=0). Pipelining the multiplier function will improve performance and will save significant power so it is suggested whenever possible to fully pipeline this function.  If this multiplier was inferred, it is suggested to describe an additional register stage after this function.  If there is no registered adder/accumulator following the multiply function, two pipeline stages are suggested to allow both the MREG and PREG registers to be used.  If the DSP48 was instantiated in the design, it is suggested to set both the MREG and PREG attributes to 1 when performing multiply functions.
Related violations: <none>

DPOP-2#9 Warning
MREG Output pipelining  
DSP system_i/SpeakerGain_v1_0_0/U0/Gain_inst/ARG__7 multiplier stage system_i/SpeakerGain_v1_0_0/U0/Gain_inst/ARG__7/P[47:0] is not pipelined (MREG=0). Pipelining the multiplier function will improve performance and will save significant power so it is suggested whenever possible to fully pipeline this function.  If this multiplier was inferred, it is suggested to describe an additional register stage after this function.  If there is no registered adder/accumulator following the multiply function, two pipeline stages are suggested to allow both the MREG and PREG registers to be used.  If the DSP48 was instantiated in the design, it is suggested to set both the MREG and PREG attributes to 1 when performing multiply functions.
Related violations: <none>


