
*** Running vivado
    with args -log system_fir_compiler_1_0.vds -m64 -product Vivado -mode batch -messageDb vivado.pb -notrace -source system_fir_compiler_1_0.tcl


****** Vivado v2016.4 (64-bit)
  **** SW Build 1756540 on Mon Jan 23 19:11:23 MST 2017
  **** IP Build 1755317 on Mon Jan 23 20:30:07 MST 2017
    ** Copyright 1986-2016 Xilinx, Inc. All Rights Reserved.

source system_fir_compiler_1_0.tcl -notrace
Starting RTL Elaboration : Time (s): cpu = 00:00:08 ; elapsed = 00:00:10 . Memory (MB): peak = 292.453 ; gain = 82.434
INFO: [Synth 8-638] synthesizing module 'system_fir_compiler_1_0' [c:/EAAES/asignments/LineArray/LineArray.srcs/sources_1/bd/system/ip/system_fir_compiler_1_0/synth/system_fir_compiler_1_0.vhd:70]
INFO: [Synth 8-256] done synthesizing module 'system_fir_compiler_1_0' (11#1) [c:/EAAES/asignments/LineArray/LineArray.srcs/sources_1/bd/system/ip/system_fir_compiler_1_0/synth/system_fir_compiler_1_0.vhd:70]
Finished RTL Elaboration : Time (s): cpu = 00:00:16 ; elapsed = 00:00:18 . Memory (MB): peak = 359.570 ; gain = 149.551
Finished RTL Optimization Phase 1 : Time (s): cpu = 00:00:16 ; elapsed = 00:00:19 . Memory (MB): peak = 359.570 ; gain = 149.551
INFO: [Device 21-403] Loading part xc7z010clg400-1
Constraint Validation Runtime : Time (s): cpu = 00:00:00 ; elapsed = 00:00:00.053 . Memory (MB): peak = 567.199 ; gain = 0.000
Finished Constraint Validation : Time (s): cpu = 00:00:28 ; elapsed = 00:00:31 . Memory (MB): peak = 567.199 ; gain = 357.180
Finished Loading Part and Timing Information : Time (s): cpu = 00:00:28 ; elapsed = 00:00:31 . Memory (MB): peak = 567.199 ; gain = 357.180
Finished applying 'set_property' XDC Constraints : Time (s): cpu = 00:00:28 ; elapsed = 00:00:31 . Memory (MB): peak = 567.199 ; gain = 357.180
Finished RTL Optimization Phase 2 : Time (s): cpu = 00:00:28 ; elapsed = 00:00:31 . Memory (MB): peak = 567.199 ; gain = 357.180
Finished Cross Boundary and Area Optimization : Time (s): cpu = 00:00:29 ; elapsed = 00:00:32 . Memory (MB): peak = 567.199 ; gain = 357.180
Finished Applying XDC Timing Constraints : Time (s): cpu = 00:00:45 ; elapsed = 00:00:48 . Memory (MB): peak = 632.109 ; gain = 422.090
Finished Timing Optimization : Time (s): cpu = 00:00:45 ; elapsed = 00:00:48 . Memory (MB): peak = 633.121 ; gain = 423.102
Finished Technology Mapping : Time (s): cpu = 00:00:45 ; elapsed = 00:00:48 . Memory (MB): peak = 653.551 ; gain = 443.531
Finished IO Insertion : Time (s): cpu = 00:00:46 ; elapsed = 00:00:49 . Memory (MB): peak = 653.551 ; gain = 443.531
Finished Renaming Generated Instances : Time (s): cpu = 00:00:46 ; elapsed = 00:00:49 . Memory (MB): peak = 653.551 ; gain = 443.531
Finished Rebuilding User Hierarchy : Time (s): cpu = 00:00:46 ; elapsed = 00:00:49 . Memory (MB): peak = 653.551 ; gain = 443.531
Finished Renaming Generated Ports : Time (s): cpu = 00:00:46 ; elapsed = 00:00:49 . Memory (MB): peak = 653.551 ; gain = 443.531
Finished Handling Custom Attributes : Time (s): cpu = 00:00:46 ; elapsed = 00:00:49 . Memory (MB): peak = 653.551 ; gain = 443.531
Finished Renaming Generated Nets : Time (s): cpu = 00:00:46 ; elapsed = 00:00:49 . Memory (MB): peak = 653.551 ; gain = 443.531

Report Cell Usage: 
+------+--------+------+
|      |Cell    |Count |
+------+--------+------+
|1     |DSP48E1 |     1|
|2     |LUT1    |     3|
|3     |LUT2    |     8|
|4     |LUT3    |     3|
|5     |LUT4    |     5|
|6     |LUT5    |     3|
|7     |LUT6    |    18|
|8     |MUXF7   |    32|
|9     |SRL16E  |    25|
|10    |SRLC32E |    64|
|11    |FDRE    |   129|
|12    |FDSE    |     5|
+------+--------+------+
Finished Writing Synthesis Report : Time (s): cpu = 00:00:46 ; elapsed = 00:00:49 . Memory (MB): peak = 653.551 ; gain = 443.531
synth_design: Time (s): cpu = 00:00:45 ; elapsed = 00:00:47 . Memory (MB): peak = 653.551 ; gain = 437.555
