
*** Running vivado
    with args -log system_xlconstant_1_0.vds -m64 -product Vivado -mode batch -messageDb vivado.pb -notrace -source system_xlconstant_1_0.tcl


****** Vivado v2016.4 (64-bit)
  **** SW Build 1756540 on Mon Jan 23 19:11:23 MST 2017
  **** IP Build 1755317 on Mon Jan 23 20:30:07 MST 2017
    ** Copyright 1986-2016 Xilinx, Inc. All Rights Reserved.

source system_xlconstant_1_0.tcl -notrace
Starting RTL Elaboration : Time (s): cpu = 00:00:06 ; elapsed = 00:00:08 . Memory (MB): peak = 292.359 ; gain = 82.020
INFO: [Synth 8-638] synthesizing module 'system_xlconstant_1_0' [c:/EAAES/asignments/LineArray/LineArray.srcs/sources_1/bd/system/ip/system_xlconstant_1_0/sim/system_xlconstant_1_0.vhd:35]
INFO: [Synth 8-638] synthesizing module 'xlconstant' [c:/EAAES/asignments/LineArray/LineArray.srcs/sources_1/bd/system/ipshared/e147/xlconstant.vhd:36]
INFO: [Synth 8-256] done synthesizing module 'xlconstant' (1#1) [c:/EAAES/asignments/LineArray/LineArray.srcs/sources_1/bd/system/ipshared/e147/xlconstant.vhd:36]
INFO: [Synth 8-256] done synthesizing module 'system_xlconstant_1_0' (2#1) [c:/EAAES/asignments/LineArray/LineArray.srcs/sources_1/bd/system/ip/system_xlconstant_1_0/sim/system_xlconstant_1_0.vhd:35]
Finished RTL Elaboration : Time (s): cpu = 00:00:07 ; elapsed = 00:00:09 . Memory (MB): peak = 329.848 ; gain = 119.508
Finished RTL Optimization Phase 1 : Time (s): cpu = 00:00:07 ; elapsed = 00:00:09 . Memory (MB): peak = 329.848 ; gain = 119.508
INFO: [Device 21-403] Loading part xc7z010clg400-1
Constraint Validation Runtime : Time (s): cpu = 00:00:00 ; elapsed = 00:00:00.010 . Memory (MB): peak = 528.426 ; gain = 0.000
Finished Constraint Validation : Time (s): cpu = 00:00:17 ; elapsed = 00:00:19 . Memory (MB): peak = 528.426 ; gain = 318.086
Finished Loading Part and Timing Information : Time (s): cpu = 00:00:17 ; elapsed = 00:00:19 . Memory (MB): peak = 528.426 ; gain = 318.086
Finished applying 'set_property' XDC Constraints : Time (s): cpu = 00:00:17 ; elapsed = 00:00:19 . Memory (MB): peak = 528.426 ; gain = 318.086
Finished RTL Optimization Phase 2 : Time (s): cpu = 00:00:17 ; elapsed = 00:00:19 . Memory (MB): peak = 528.426 ; gain = 318.086
Finished Cross Boundary and Area Optimization : Time (s): cpu = 00:00:17 ; elapsed = 00:00:20 . Memory (MB): peak = 528.426 ; gain = 318.086
Finished Applying XDC Timing Constraints : Time (s): cpu = 00:00:28 ; elapsed = 00:00:31 . Memory (MB): peak = 569.969 ; gain = 359.629
Finished Timing Optimization : Time (s): cpu = 00:00:28 ; elapsed = 00:00:31 . Memory (MB): peak = 569.969 ; gain = 359.629
Finished Technology Mapping : Time (s): cpu = 00:00:28 ; elapsed = 00:00:31 . Memory (MB): peak = 579.672 ; gain = 369.332
Finished IO Insertion : Time (s): cpu = 00:00:29 ; elapsed = 00:00:31 . Memory (MB): peak = 579.672 ; gain = 369.332
Finished Renaming Generated Instances : Time (s): cpu = 00:00:29 ; elapsed = 00:00:31 . Memory (MB): peak = 579.672 ; gain = 369.332
Finished Rebuilding User Hierarchy : Time (s): cpu = 00:00:29 ; elapsed = 00:00:31 . Memory (MB): peak = 579.672 ; gain = 369.332
Finished Renaming Generated Ports : Time (s): cpu = 00:00:29 ; elapsed = 00:00:31 . Memory (MB): peak = 579.672 ; gain = 369.332
Finished Handling Custom Attributes : Time (s): cpu = 00:00:29 ; elapsed = 00:00:31 . Memory (MB): peak = 579.672 ; gain = 369.332
Finished Renaming Generated Nets : Time (s): cpu = 00:00:29 ; elapsed = 00:00:31 . Memory (MB): peak = 579.672 ; gain = 369.332

Report Cell Usage: 
+-+-----+------+
| |Cell |Count |
+-+-----+------+
+-+-----+------+
Finished Writing Synthesis Report : Time (s): cpu = 00:00:29 ; elapsed = 00:00:31 . Memory (MB): peak = 579.672 ; gain = 369.332
synth_design: Time (s): cpu = 00:00:27 ; elapsed = 00:00:28 . Memory (MB): peak = 600.770 ; gain = 383.508
