
*** Running vivado
    with args -log system_fir_compiler_9_5.vds -m64 -product Vivado -mode batch -messageDb vivado.pb -notrace -source system_fir_compiler_9_5.tcl


****** Vivado v2016.4 (64-bit)
  **** SW Build 1756540 on Mon Jan 23 19:11:23 MST 2017
  **** IP Build 1755317 on Mon Jan 23 20:30:07 MST 2017
    ** Copyright 1986-2016 Xilinx, Inc. All Rights Reserved.

source system_fir_compiler_9_5.tcl -notrace
Starting RTL Elaboration : Time (s): cpu = 00:00:10 ; elapsed = 00:00:24 . Memory (MB): peak = 297.020 ; gain = 86.418
INFO: [Synth 8-638] synthesizing module 'system_fir_compiler_9_5' [c:/Users/Mykho/Documents/repos/LineArrayZybo/LineArray/LineArray/LineArray.srcs/sources_1/bd/system/ip/system_fir_compiler_9_5/synth/system_fir_compiler_9_5.vhd:70]
INFO: [Synth 8-256] done synthesizing module 'system_fir_compiler_9_5' (10#1) [c:/Users/Mykho/Documents/repos/LineArrayZybo/LineArray/LineArray/LineArray.srcs/sources_1/bd/system/ip/system_fir_compiler_9_5/synth/system_fir_compiler_9_5.vhd:70]
Finished RTL Elaboration : Time (s): cpu = 00:00:20 ; elapsed = 00:00:35 . Memory (MB): peak = 367.754 ; gain = 157.152
Finished RTL Optimization Phase 1 : Time (s): cpu = 00:00:20 ; elapsed = 00:00:35 . Memory (MB): peak = 367.754 ; gain = 157.152
INFO: [Device 21-403] Loading part xc7z010clg400-1
Constraint Validation Runtime : Time (s): cpu = 00:00:00 ; elapsed = 00:00:00.031 . Memory (MB): peak = 564.336 ; gain = 0.000
Finished Constraint Validation : Time (s): cpu = 00:00:34 ; elapsed = 00:00:51 . Memory (MB): peak = 564.336 ; gain = 353.734
Finished Loading Part and Timing Information : Time (s): cpu = 00:00:34 ; elapsed = 00:00:51 . Memory (MB): peak = 564.336 ; gain = 353.734
Finished applying 'set_property' XDC Constraints : Time (s): cpu = 00:00:34 ; elapsed = 00:00:51 . Memory (MB): peak = 564.336 ; gain = 353.734
Finished RTL Optimization Phase 2 : Time (s): cpu = 00:00:34 ; elapsed = 00:00:52 . Memory (MB): peak = 564.336 ; gain = 353.734
Finished Cross Boundary and Area Optimization : Time (s): cpu = 00:00:35 ; elapsed = 00:00:53 . Memory (MB): peak = 564.336 ; gain = 353.734
Finished Applying XDC Timing Constraints : Time (s): cpu = 00:00:56 ; elapsed = 00:01:14 . Memory (MB): peak = 644.270 ; gain = 433.668
Finished Timing Optimization : Time (s): cpu = 00:00:56 ; elapsed = 00:01:14 . Memory (MB): peak = 649.273 ; gain = 438.672
Finished Technology Mapping : Time (s): cpu = 00:00:56 ; elapsed = 00:01:14 . Memory (MB): peak = 668.680 ; gain = 458.078
Finished IO Insertion : Time (s): cpu = 00:00:57 ; elapsed = 00:01:15 . Memory (MB): peak = 668.680 ; gain = 458.078
Finished Renaming Generated Instances : Time (s): cpu = 00:00:57 ; elapsed = 00:01:15 . Memory (MB): peak = 668.680 ; gain = 458.078
Finished Rebuilding User Hierarchy : Time (s): cpu = 00:00:57 ; elapsed = 00:01:15 . Memory (MB): peak = 668.680 ; gain = 458.078
Finished Renaming Generated Ports : Time (s): cpu = 00:00:57 ; elapsed = 00:01:15 . Memory (MB): peak = 668.680 ; gain = 458.078
Finished Handling Custom Attributes : Time (s): cpu = 00:00:57 ; elapsed = 00:01:15 . Memory (MB): peak = 668.680 ; gain = 458.078
Finished Renaming Generated Nets : Time (s): cpu = 00:00:57 ; elapsed = 00:01:15 . Memory (MB): peak = 668.680 ; gain = 458.078

Report Cell Usage: 
+------+-----------+------+
|      |Cell       |Count |
+------+-----------+------+
|1     |CARRY4     |     6|
|2     |DSP48E1    |     1|
|3     |LUT1       |    17|
|4     |LUT2       |    12|
|5     |LUT4       |     1|
|6     |LUT5       |     1|
|7     |LUT6       |     2|
|8     |RAMB36E1   |     2|
|9     |RAMB36E1_1 |     1|
|10    |RAMB36E1_2 |     1|
|11    |SRL16E     |    19|
|12    |FDRE       |    81|
+------+-----------+------+
Finished Writing Synthesis Report : Time (s): cpu = 00:00:57 ; elapsed = 00:01:15 . Memory (MB): peak = 668.680 ; gain = 458.078
synth_design: Time (s): cpu = 00:00:55 ; elapsed = 00:01:02 . Memory (MB): peak = 668.680 ; gain = 450.188
