
*** Running vivado
    with args -log system_fir_compiler_9_6.vds -m64 -product Vivado -mode batch -messageDb vivado.pb -notrace -source system_fir_compiler_9_6.tcl


****** Vivado v2016.4 (64-bit)
  **** SW Build 1756540 on Mon Jan 23 19:11:23 MST 2017
  **** IP Build 1755317 on Mon Jan 23 20:30:07 MST 2017
    ** Copyright 1986-2016 Xilinx, Inc. All Rights Reserved.

source system_fir_compiler_9_6.tcl -notrace
Starting RTL Elaboration : Time (s): cpu = 00:00:10 ; elapsed = 00:00:46 . Memory (MB): peak = 296.895 ; gain = 86.367
INFO: [Synth 8-638] synthesizing module 'system_fir_compiler_9_6' [c:/Users/Mykho/Documents/repos/LineArrayZybo/LineArray/LineArray/LineArray.srcs/sources_1/bd/system/ip/system_fir_compiler_9_6/synth/system_fir_compiler_9_6.vhd:70]
INFO: [Synth 8-256] done synthesizing module 'system_fir_compiler_9_6' (10#1) [c:/Users/Mykho/Documents/repos/LineArrayZybo/LineArray/LineArray/LineArray.srcs/sources_1/bd/system/ip/system_fir_compiler_9_6/synth/system_fir_compiler_9_6.vhd:70]
Finished RTL Elaboration : Time (s): cpu = 00:00:22 ; elapsed = 00:01:01 . Memory (MB): peak = 367.633 ; gain = 157.105
Finished RTL Optimization Phase 1 : Time (s): cpu = 00:00:23 ; elapsed = 00:01:01 . Memory (MB): peak = 367.633 ; gain = 157.105
INFO: [Device 21-403] Loading part xc7z010clg400-1
Constraint Validation Runtime : Time (s): cpu = 00:00:00 ; elapsed = 00:00:00.106 . Memory (MB): peak = 564.191 ; gain = 0.000
Finished Constraint Validation : Time (s): cpu = 00:00:39 ; elapsed = 00:01:31 . Memory (MB): peak = 564.191 ; gain = 353.664
Finished Loading Part and Timing Information : Time (s): cpu = 00:00:39 ; elapsed = 00:01:31 . Memory (MB): peak = 564.191 ; gain = 353.664
Finished applying 'set_property' XDC Constraints : Time (s): cpu = 00:00:39 ; elapsed = 00:01:31 . Memory (MB): peak = 564.191 ; gain = 353.664
Finished RTL Optimization Phase 2 : Time (s): cpu = 00:00:40 ; elapsed = 00:01:33 . Memory (MB): peak = 564.191 ; gain = 353.664
Finished Cross Boundary and Area Optimization : Time (s): cpu = 00:00:40 ; elapsed = 00:01:34 . Memory (MB): peak = 564.191 ; gain = 353.664
Finished Applying XDC Timing Constraints : Time (s): cpu = 00:01:06 ; elapsed = 00:02:08 . Memory (MB): peak = 643.332 ; gain = 432.805
Finished Timing Optimization : Time (s): cpu = 00:01:06 ; elapsed = 00:02:10 . Memory (MB): peak = 648.336 ; gain = 437.809
Finished Technology Mapping : Time (s): cpu = 00:01:06 ; elapsed = 00:02:11 . Memory (MB): peak = 667.676 ; gain = 457.148
Finished IO Insertion : Time (s): cpu = 00:01:07 ; elapsed = 00:02:12 . Memory (MB): peak = 667.676 ; gain = 457.148
Finished Renaming Generated Instances : Time (s): cpu = 00:01:07 ; elapsed = 00:02:12 . Memory (MB): peak = 667.676 ; gain = 457.148
Finished Rebuilding User Hierarchy : Time (s): cpu = 00:01:07 ; elapsed = 00:02:13 . Memory (MB): peak = 667.676 ; gain = 457.148
Finished Renaming Generated Ports : Time (s): cpu = 00:01:07 ; elapsed = 00:02:13 . Memory (MB): peak = 667.676 ; gain = 457.148
Finished Handling Custom Attributes : Time (s): cpu = 00:01:07 ; elapsed = 00:02:14 . Memory (MB): peak = 667.676 ; gain = 457.148
Finished Renaming Generated Nets : Time (s): cpu = 00:01:07 ; elapsed = 00:02:14 . Memory (MB): peak = 667.676 ; gain = 457.148

Report Cell Usage: 
+------+-----------+------+
|      |Cell       |Count |
+------+-----------+------+
|1     |CARRY4     |     6|
|2     |DSP48E1    |     1|
|3     |LUT1       |    17|
|4     |LUT2       |    12|
|5     |LUT4       |     1|
|6     |LUT5       |     1|
|7     |LUT6       |     2|
|8     |RAMB36E1   |     2|
|9     |RAMB36E1_1 |     1|
|10    |RAMB36E1_2 |     1|
|11    |SRL16E     |    19|
|12    |FDRE       |    81|
+------+-----------+------+
Finished Writing Synthesis Report : Time (s): cpu = 00:01:07 ; elapsed = 00:02:14 . Memory (MB): peak = 667.676 ; gain = 457.148
synth_design: Time (s): cpu = 00:01:04 ; elapsed = 00:01:42 . Memory (MB): peak = 667.676 ; gain = 449.281
