
*** Running vivado
    with args -log system_fir_compiler_0_0.vds -m64 -product Vivado -mode batch -messageDb vivado.pb -notrace -source system_fir_compiler_0_0.tcl


****** Vivado v2016.4 (64-bit)
  **** SW Build 1756540 on Mon Jan 23 19:11:23 MST 2017
  **** IP Build 1755317 on Mon Jan 23 20:30:07 MST 2017
    ** Copyright 1986-2016 Xilinx, Inc. All Rights Reserved.

source system_fir_compiler_0_0.tcl -notrace
Starting RTL Elaboration : Time (s): cpu = 00:00:07 ; elapsed = 00:00:09 . Memory (MB): peak = 291.957 ; gain = 81.613
INFO: [Synth 8-638] synthesizing module 'system_fir_compiler_0_0' [c:/EAAES/asignments/LineArray/LineArray.srcs/sources_1/bd/system/ip/system_fir_compiler_0_0/synth/system_fir_compiler_0_0.vhd:70]
INFO: [Synth 8-256] done synthesizing module 'system_fir_compiler_0_0' (13#1) [c:/EAAES/asignments/LineArray/LineArray.srcs/sources_1/bd/system/ip/system_fir_compiler_0_0/synth/system_fir_compiler_0_0.vhd:70]
Finished RTL Elaboration : Time (s): cpu = 00:00:14 ; elapsed = 00:00:16 . Memory (MB): peak = 358.020 ; gain = 147.676
Finished RTL Optimization Phase 1 : Time (s): cpu = 00:00:15 ; elapsed = 00:00:17 . Memory (MB): peak = 358.020 ; gain = 147.676
INFO: [Device 21-403] Loading part xc7z010clg400-1
Constraint Validation Runtime : Time (s): cpu = 00:00:00 ; elapsed = 00:00:00.043 . Memory (MB): peak = 565.840 ; gain = 0.000
Finished Constraint Validation : Time (s): cpu = 00:00:26 ; elapsed = 00:00:28 . Memory (MB): peak = 565.840 ; gain = 355.496
Finished Loading Part and Timing Information : Time (s): cpu = 00:00:26 ; elapsed = 00:00:28 . Memory (MB): peak = 565.840 ; gain = 355.496
Finished applying 'set_property' XDC Constraints : Time (s): cpu = 00:00:26 ; elapsed = 00:00:28 . Memory (MB): peak = 565.840 ; gain = 355.496
Finished RTL Optimization Phase 2 : Time (s): cpu = 00:00:26 ; elapsed = 00:00:29 . Memory (MB): peak = 565.840 ; gain = 355.496
Finished Cross Boundary and Area Optimization : Time (s): cpu = 00:00:27 ; elapsed = 00:00:30 . Memory (MB): peak = 565.840 ; gain = 355.496
Finished Applying XDC Timing Constraints : Time (s): cpu = 00:00:43 ; elapsed = 00:00:46 . Memory (MB): peak = 632.402 ; gain = 422.059
Finished Timing Optimization : Time (s): cpu = 00:00:43 ; elapsed = 00:00:46 . Memory (MB): peak = 644.402 ; gain = 434.059
Finished Technology Mapping : Time (s): cpu = 00:00:43 ; elapsed = 00:00:46 . Memory (MB): peak = 652.820 ; gain = 442.477
Finished IO Insertion : Time (s): cpu = 00:00:44 ; elapsed = 00:00:47 . Memory (MB): peak = 652.820 ; gain = 442.477
Finished Renaming Generated Instances : Time (s): cpu = 00:00:44 ; elapsed = 00:00:47 . Memory (MB): peak = 652.820 ; gain = 442.477
Finished Rebuilding User Hierarchy : Time (s): cpu = 00:00:44 ; elapsed = 00:00:47 . Memory (MB): peak = 652.820 ; gain = 442.477
Finished Renaming Generated Ports : Time (s): cpu = 00:00:44 ; elapsed = 00:00:47 . Memory (MB): peak = 652.820 ; gain = 442.477
Finished Handling Custom Attributes : Time (s): cpu = 00:00:44 ; elapsed = 00:00:47 . Memory (MB): peak = 652.820 ; gain = 442.477
Finished Renaming Generated Nets : Time (s): cpu = 00:00:44 ; elapsed = 00:00:47 . Memory (MB): peak = 652.820 ; gain = 442.477

Report Cell Usage: 
+------+--------+------+
|      |Cell    |Count |
+------+--------+------+
|1     |DSP48E1 |     1|
|2     |LUT1    |     3|
|3     |LUT2    |    11|
|4     |LUT3    |     5|
|5     |LUT4    |     6|
|6     |LUT5    |    15|
|7     |LUT6    |     5|
|8     |SRL16E  |    40|
|9     |SRLC32E |    32|
|10    |FDRE    |   148|
|11    |FDSE    |     2|
+------+--------+------+
Finished Writing Synthesis Report : Time (s): cpu = 00:00:44 ; elapsed = 00:00:47 . Memory (MB): peak = 652.820 ; gain = 442.477
synth_design: Time (s): cpu = 00:00:43 ; elapsed = 00:00:44 . Memory (MB): peak = 652.820 ; gain = 436.402
