Copyright 1986-2016 Xilinx, Inc. All Rights Reserved.
----------------------------------------------------------------------------------------------------------
| Tool Version : Vivado v.2016.4 (win64) Build 1756540 Mon Jan 23 19:11:23 MST 2017
| Date         : Wed Jan 23 17:17:25 2019
| Host         : Mykho_Laptop running 64-bit major release  (build 9200)
| Command      : report_control_sets -verbose -file Translator_v1_0_bfm_1_wrapper_control_sets_placed.rpt
| Design       : Translator_v1_0_bfm_1_wrapper
| Device       : xc7z010
----------------------------------------------------------------------------------------------------------

Control Set Information

Table of Contents
-----------------
1. Summary
2. Flip-Flop Distribution
3. Detailed Control Set Information

1. Summary
----------

+----------------------------------------------------------+-------+
|                          Status                          | Count |
+----------------------------------------------------------+-------+
| Number of unique control sets                            |    61 |
| Unused register locations in slices containing registers |    57 |
+----------------------------------------------------------+-------+


2. Flip-Flop Distribution
-------------------------

+--------------+-----------------------+------------------------+-----------------+--------------+
| Clock Enable | Synchronous Set/Reset | Asynchronous Set/Reset | Total Registers | Total Slices |
+--------------+-----------------------+------------------------+-----------------+--------------+
| No           | No                    | No                     |             103 |           30 |
| No           | No                    | Yes                    |               0 |            0 |
| No           | Yes                   | No                     |              80 |           24 |
| Yes          | No                    | No                     |             298 |           74 |
| Yes          | No                    | Yes                    |               0 |            0 |
| Yes          | Yes                   | No                     |             310 |           71 |
+--------------+-----------------------+------------------------+-----------------+--------------+


3. Detailed Control Set Information
-----------------------------------

+--------------------------------------------------------------+----------------------------------------------------------------------------------------------------------------------------------------------------------------------------+-------------------------------------------------------------------------------------------------------------------------------------------------------+------------------+----------------+
|                         Clock Signal                         |                                                                                Enable Signal                                                                               |                                                                    Set/Reset Signal                                                                   | Slice Load Count | Bel Load Count |
+--------------------------------------------------------------+----------------------------------------------------------------------------------------------------------------------------------------------------------------------------+-------------------------------------------------------------------------------------------------------------------------------------------------------+------------------+----------------+
|  Translator_v1_0_bfm_1_i/processing_system7_0/inst/FCLK_CLK0 | Translator_v1_0_bfm_1_i/ps7_0_axi_periph/s00_couplers/auto_pc/inst/gen_axilite.gen_b2s_conv.axilite_b2s/WR.b_channel_0/bid_fifo_0/bresp_push                               |                                                                                                                                                       |                1 |              2 |
|  Translator_v1_0_bfm_1_i/processing_system7_0/inst/FCLK_CLK0 |                                                                                                                                                                            | Translator_v1_0_bfm_1_i/rst_ps7_0_50M/U0/EXT_LPF/lpf_int                                                                                              |                1 |              4 |
|  Translator_v1_0_bfm_1_i/processing_system7_0/inst/FCLK_CLK0 |                                                                                                                                                                            | Translator_v1_0_bfm_1_i/ps7_0_axi_periph/s00_couplers/auto_pc/inst/gen_axilite.gen_b2s_conv.axilite_b2s/SI_REG/ar_pipe/m_valid_i_reg_0                |                3 |              4 |
|  Translator_v1_0_bfm_1_i/processing_system7_0/inst/FCLK_CLK0 |                                                                                                                                                                            | Translator_v1_0_bfm_1_i/ps7_0_axi_periph/s00_couplers/auto_pc/inst/gen_axilite.gen_b2s_conv.axilite_b2s/SI_REG/aw_pipe/s_ready_i_reg_0                |                3 |              4 |
|  Translator_v1_0_bfm_1_i/processing_system7_0/inst/FCLK_CLK0 | Translator_v1_0_bfm_1_i/ps7_0_axi_periph/s00_couplers/auto_pc/inst/gen_axilite.gen_b2s_conv.axilite_b2s/WR.aw_channel_0/aw_cmd_fsm_0/E[0]                                  | Translator_v1_0_bfm_1_i/ps7_0_axi_periph/s00_couplers/auto_pc/inst/gen_axilite.gen_b2s_conv.axilite_b2s/WR.aw_channel_0/aw_cmd_fsm_0/axlen_cnt_reg[7] |                1 |              4 |
|  Translator_v1_0_bfm_1_i/processing_system7_0/inst/FCLK_CLK0 | Translator_v1_0_bfm_1_i/ps7_0_axi_periph/s00_couplers/auto_pc/inst/gen_axilite.gen_b2s_conv.axilite_b2s/RD.ar_channel_0/ar_cmd_fsm_0/axlen_cnt_reg[3][0]                   | Translator_v1_0_bfm_1_i/ps7_0_axi_periph/s00_couplers/auto_pc/inst/gen_axilite.gen_b2s_conv.axilite_b2s/RD.ar_channel_0/ar_cmd_fsm_0/axlen_cnt_reg[7] |                1 |              4 |
|  Translator_v1_0_bfm_1_i/processing_system7_0/inst/FCLK_CLK0 | Translator_v1_0_bfm_1_i/rst_ps7_0_50M/U0/SEQ/seq_cnt_en                                                                                                                    | Translator_v1_0_bfm_1_i/rst_ps7_0_50M/U0/SEQ/SEQ_COUNTER/clear                                                                                        |                1 |              6 |
|  Translator_v1_0_bfm_1_i/processing_system7_0/inst/FCLK_CLK0 | Translator_v1_0_bfm_1_i/Translator_1/U0/Translator_v1_0_S00_AXI_inst/slv_reg7[15]_i_1_n_0                                                                                  | Translator_v1_0_bfm_1_i/Translator_1/U0/Translator_v1_0_S00_AXI_inst/axi_awready_i_1_n_0                                                              |                3 |              8 |
|  Translator_v1_0_bfm_1_i/processing_system7_0/inst/FCLK_CLK0 | Translator_v1_0_bfm_1_i/Translator_1/U0/Translator_v1_0_S00_AXI_inst/slv_reg6[7]_i_1_n_0                                                                                   | Translator_v1_0_bfm_1_i/Translator_1/U0/Translator_v1_0_S00_AXI_inst/axi_awready_i_1_n_0                                                              |                1 |              8 |
|  Translator_v1_0_bfm_1_i/processing_system7_0/inst/FCLK_CLK0 | Translator_v1_0_bfm_1_i/Translator_1/U0/Translator_v1_0_S00_AXI_inst/slv_reg3[15]_i_1_n_0                                                                                  | Translator_v1_0_bfm_1_i/Translator_1/U0/Translator_v1_0_S00_AXI_inst/axi_awready_i_1_n_0                                                              |                1 |              8 |
|  Translator_v1_0_bfm_1_i/processing_system7_0/inst/FCLK_CLK0 | Translator_v1_0_bfm_1_i/Translator_1/U0/Translator_v1_0_S00_AXI_inst/slv_reg5[31]_i_1_n_0                                                                                  | Translator_v1_0_bfm_1_i/Translator_1/U0/Translator_v1_0_S00_AXI_inst/axi_awready_i_1_n_0                                                              |                1 |              8 |
|  Translator_v1_0_bfm_1_i/processing_system7_0/inst/FCLK_CLK0 | Translator_v1_0_bfm_1_i/Translator_1/U0/Translator_v1_0_S00_AXI_inst/slv_reg7[7]_i_1_n_0                                                                                   | Translator_v1_0_bfm_1_i/Translator_1/U0/Translator_v1_0_S00_AXI_inst/axi_awready_i_1_n_0                                                              |                1 |              8 |
|  Translator_v1_0_bfm_1_i/processing_system7_0/inst/FCLK_CLK0 | Translator_v1_0_bfm_1_i/Translator_1/U0/Translator_v1_0_S00_AXI_inst/slv_reg2[7]_i_1_n_0                                                                                   | Translator_v1_0_bfm_1_i/Translator_1/U0/Translator_v1_0_S00_AXI_inst/axi_awready_i_1_n_0                                                              |                1 |              8 |
|  Translator_v1_0_bfm_1_i/processing_system7_0/inst/FCLK_CLK0 | Translator_v1_0_bfm_1_i/Translator_1/U0/Translator_v1_0_S00_AXI_inst/slv_reg7[31]_i_1_n_0                                                                                  | Translator_v1_0_bfm_1_i/Translator_1/U0/Translator_v1_0_S00_AXI_inst/axi_awready_i_1_n_0                                                              |                1 |              8 |
|  Translator_v1_0_bfm_1_i/processing_system7_0/inst/FCLK_CLK0 | Translator_v1_0_bfm_1_i/Translator_1/U0/Translator_v1_0_S00_AXI_inst/slv_reg6[31]_i_1_n_0                                                                                  | Translator_v1_0_bfm_1_i/Translator_1/U0/Translator_v1_0_S00_AXI_inst/axi_awready_i_1_n_0                                                              |                2 |              8 |
|  Translator_v1_0_bfm_1_i/processing_system7_0/inst/FCLK_CLK0 | Translator_v1_0_bfm_1_i/Translator_1/U0/Translator_v1_0_S00_AXI_inst/slv_reg1[7]_i_1_n_0                                                                                   | Translator_v1_0_bfm_1_i/Translator_1/U0/Translator_v1_0_S00_AXI_inst/axi_awready_i_1_n_0                                                              |                2 |              8 |
|  Translator_v1_0_bfm_1_i/processing_system7_0/inst/FCLK_CLK0 | Translator_v1_0_bfm_1_i/Translator_1/U0/Translator_v1_0_S00_AXI_inst/p_1_in[23]                                                                                            | Translator_v1_0_bfm_1_i/Translator_1/U0/Translator_v1_0_S00_AXI_inst/axi_awready_i_1_n_0                                                              |                1 |              8 |
|  Translator_v1_0_bfm_1_i/processing_system7_0/inst/FCLK_CLK0 | Translator_v1_0_bfm_1_i/Translator_1/U0/Translator_v1_0_S00_AXI_inst/slv_reg7[23]_i_1_n_0                                                                                  | Translator_v1_0_bfm_1_i/Translator_1/U0/Translator_v1_0_S00_AXI_inst/axi_awready_i_1_n_0                                                              |                1 |              8 |
|  Translator_v1_0_bfm_1_i/processing_system7_0/inst/FCLK_CLK0 | Translator_v1_0_bfm_1_i/Translator_1/U0/Translator_v1_0_S00_AXI_inst/slv_reg5[23]_i_1_n_0                                                                                  | Translator_v1_0_bfm_1_i/Translator_1/U0/Translator_v1_0_S00_AXI_inst/axi_awready_i_1_n_0                                                              |                2 |              8 |
|  Translator_v1_0_bfm_1_i/processing_system7_0/inst/FCLK_CLK0 | Translator_v1_0_bfm_1_i/Translator_1/U0/Translator_v1_0_S00_AXI_inst/slv_reg3[31]_i_1_n_0                                                                                  | Translator_v1_0_bfm_1_i/Translator_1/U0/Translator_v1_0_S00_AXI_inst/axi_awready_i_1_n_0                                                              |                2 |              8 |
|  Translator_v1_0_bfm_1_i/processing_system7_0/inst/FCLK_CLK0 | Translator_v1_0_bfm_1_i/Translator_1/U0/Translator_v1_0_S00_AXI_inst/p_1_in[31]                                                                                            | Translator_v1_0_bfm_1_i/Translator_1/U0/Translator_v1_0_S00_AXI_inst/axi_awready_i_1_n_0                                                              |                1 |              8 |
|  Translator_v1_0_bfm_1_i/processing_system7_0/inst/FCLK_CLK0 | Translator_v1_0_bfm_1_i/Translator_1/U0/Translator_v1_0_S00_AXI_inst/slv_reg1[15]_i_1_n_0                                                                                  | Translator_v1_0_bfm_1_i/Translator_1/U0/Translator_v1_0_S00_AXI_inst/axi_awready_i_1_n_0                                                              |                1 |              8 |
|  Translator_v1_0_bfm_1_i/processing_system7_0/inst/FCLK_CLK0 | Translator_v1_0_bfm_1_i/Translator_1/U0/Translator_v1_0_S00_AXI_inst/slv_reg1[31]_i_1_n_0                                                                                  | Translator_v1_0_bfm_1_i/Translator_1/U0/Translator_v1_0_S00_AXI_inst/axi_awready_i_1_n_0                                                              |                2 |              8 |
|  Translator_v1_0_bfm_1_i/processing_system7_0/inst/FCLK_CLK0 | Translator_v1_0_bfm_1_i/Translator_1/U0/Translator_v1_0_S00_AXI_inst/slv_reg6[15]_i_1_n_0                                                                                  | Translator_v1_0_bfm_1_i/Translator_1/U0/Translator_v1_0_S00_AXI_inst/axi_awready_i_1_n_0                                                              |                2 |              8 |
|  Translator_v1_0_bfm_1_i/processing_system7_0/inst/FCLK_CLK0 | Translator_v1_0_bfm_1_i/Translator_1/U0/Translator_v1_0_S00_AXI_inst/slv_reg6[23]_i_1_n_0                                                                                  | Translator_v1_0_bfm_1_i/Translator_1/U0/Translator_v1_0_S00_AXI_inst/axi_awready_i_1_n_0                                                              |                3 |              8 |
|  Translator_v1_0_bfm_1_i/processing_system7_0/inst/FCLK_CLK0 | Translator_v1_0_bfm_1_i/Translator_1/U0/Translator_v1_0_S00_AXI_inst/slv_reg3[23]_i_1_n_0                                                                                  | Translator_v1_0_bfm_1_i/Translator_1/U0/Translator_v1_0_S00_AXI_inst/axi_awready_i_1_n_0                                                              |                1 |              8 |
|  Translator_v1_0_bfm_1_i/processing_system7_0/inst/FCLK_CLK0 | Translator_v1_0_bfm_1_i/Translator_1/U0/Translator_v1_0_S00_AXI_inst/slv_reg1[23]_i_1_n_0                                                                                  | Translator_v1_0_bfm_1_i/Translator_1/U0/Translator_v1_0_S00_AXI_inst/axi_awready_i_1_n_0                                                              |                2 |              8 |
|  Translator_v1_0_bfm_1_i/processing_system7_0/inst/FCLK_CLK0 | Translator_v1_0_bfm_1_i/Translator_1/U0/Translator_v1_0_S00_AXI_inst/slv_reg3[7]_i_1_n_0                                                                                   | Translator_v1_0_bfm_1_i/Translator_1/U0/Translator_v1_0_S00_AXI_inst/axi_awready_i_1_n_0                                                              |                2 |              8 |
|  Translator_v1_0_bfm_1_i/processing_system7_0/inst/FCLK_CLK0 | Translator_v1_0_bfm_1_i/Translator_1/U0/Translator_v1_0_S00_AXI_inst/slv_reg5[15]_i_1_n_0                                                                                  | Translator_v1_0_bfm_1_i/Translator_1/U0/Translator_v1_0_S00_AXI_inst/axi_awready_i_1_n_0                                                              |                1 |              8 |
|  Translator_v1_0_bfm_1_i/processing_system7_0/inst/FCLK_CLK0 | Translator_v1_0_bfm_1_i/Translator_1/U0/Translator_v1_0_S00_AXI_inst/p_1_in[15]                                                                                            | Translator_v1_0_bfm_1_i/Translator_1/U0/Translator_v1_0_S00_AXI_inst/axi_awready_i_1_n_0                                                              |                2 |              8 |
|  Translator_v1_0_bfm_1_i/processing_system7_0/inst/FCLK_CLK0 | Translator_v1_0_bfm_1_i/Translator_1/U0/Translator_v1_0_S00_AXI_inst/slv_reg4[15]_i_1_n_0                                                                                  | Translator_v1_0_bfm_1_i/Translator_1/U0/Translator_v1_0_S00_AXI_inst/axi_awready_i_1_n_0                                                              |                2 |              8 |
|  Translator_v1_0_bfm_1_i/processing_system7_0/inst/FCLK_CLK0 | Translator_v1_0_bfm_1_i/Translator_1/U0/Translator_v1_0_S00_AXI_inst/slv_reg2[15]_i_1_n_0                                                                                  | Translator_v1_0_bfm_1_i/Translator_1/U0/Translator_v1_0_S00_AXI_inst/axi_awready_i_1_n_0                                                              |                2 |              8 |
|  Translator_v1_0_bfm_1_i/processing_system7_0/inst/FCLK_CLK0 | Translator_v1_0_bfm_1_i/Translator_1/U0/Translator_v1_0_S00_AXI_inst/p_1_in[7]                                                                                             | Translator_v1_0_bfm_1_i/Translator_1/U0/Translator_v1_0_S00_AXI_inst/axi_awready_i_1_n_0                                                              |                1 |              8 |
|  Translator_v1_0_bfm_1_i/processing_system7_0/inst/FCLK_CLK0 | Translator_v1_0_bfm_1_i/Translator_1/U0/Translator_v1_0_S00_AXI_inst/slv_reg5[7]_i_1_n_0                                                                                   | Translator_v1_0_bfm_1_i/Translator_1/U0/Translator_v1_0_S00_AXI_inst/axi_awready_i_1_n_0                                                              |                1 |              8 |
|  Translator_v1_0_bfm_1_i/processing_system7_0/inst/FCLK_CLK0 | Translator_v1_0_bfm_1_i/Translator_1/U0/Translator_v1_0_S00_AXI_inst/slv_reg2[31]_i_1_n_0                                                                                  | Translator_v1_0_bfm_1_i/Translator_1/U0/Translator_v1_0_S00_AXI_inst/axi_awready_i_1_n_0                                                              |                1 |              8 |
|  Translator_v1_0_bfm_1_i/processing_system7_0/inst/FCLK_CLK0 | Translator_v1_0_bfm_1_i/Translator_1/U0/Translator_v1_0_S00_AXI_inst/slv_reg2[23]_i_1_n_0                                                                                  | Translator_v1_0_bfm_1_i/Translator_1/U0/Translator_v1_0_S00_AXI_inst/axi_awready_i_1_n_0                                                              |                1 |              8 |
|  Translator_v1_0_bfm_1_i/processing_system7_0/inst/FCLK_CLK0 | Translator_v1_0_bfm_1_i/Translator_1/U0/Translator_v1_0_S00_AXI_inst/slv_reg4[23]_i_1_n_0                                                                                  | Translator_v1_0_bfm_1_i/Translator_1/U0/Translator_v1_0_S00_AXI_inst/axi_awready_i_1_n_0                                                              |                2 |              8 |
|  Translator_v1_0_bfm_1_i/processing_system7_0/inst/FCLK_CLK0 | Translator_v1_0_bfm_1_i/Translator_1/U0/Translator_v1_0_S00_AXI_inst/slv_reg4[31]_i_1_n_0                                                                                  | Translator_v1_0_bfm_1_i/Translator_1/U0/Translator_v1_0_S00_AXI_inst/axi_awready_i_1_n_0                                                              |                2 |              8 |
|  Translator_v1_0_bfm_1_i/processing_system7_0/inst/FCLK_CLK0 | Translator_v1_0_bfm_1_i/Translator_1/U0/Translator_v1_0_S00_AXI_inst/slv_reg4[7]_i_1_n_0                                                                                   | Translator_v1_0_bfm_1_i/Translator_1/U0/Translator_v1_0_S00_AXI_inst/axi_awready_i_1_n_0                                                              |                1 |              8 |
|  Translator_v1_0_bfm_1_i/processing_system7_0/inst/FCLK_CLK0 | Translator_v1_0_bfm_1_i/ps7_0_axi_periph/s00_couplers/auto_pc/inst/gen_axilite.gen_b2s_conv.axilite_b2s/RD.ar_channel_0/ar_cmd_fsm_0/E[0]                                  |                                                                                                                                                       |                3 |              8 |
|  Translator_v1_0_bfm_1_i/processing_system7_0/inst/FCLK_CLK0 | Translator_v1_0_bfm_1_i/ps7_0_axi_periph/s00_couplers/auto_pc/inst/gen_axilite.gen_b2s_conv.axilite_b2s/RD.ar_channel_0/ar_cmd_fsm_0/axaddr_incr_reg[11]                   |                                                                                                                                                       |                2 |              8 |
|  Translator_v1_0_bfm_1_i/processing_system7_0/inst/FCLK_CLK0 | Translator_v1_0_bfm_1_i/ps7_0_axi_periph/s00_couplers/auto_pc/inst/gen_axilite.gen_b2s_conv.axilite_b2s/WR.b_channel_0/mhandshake_r                                        | Translator_v1_0_bfm_1_i/ps7_0_axi_periph/s00_couplers/auto_pc/inst/gen_axilite.gen_b2s_conv.axilite_b2s/WR.b_channel_0/bid_fifo_0/SR[0]               |                2 |              8 |
|  Translator_v1_0_bfm_1_i/processing_system7_0/inst/FCLK_CLK0 | Translator_v1_0_bfm_1_i/ps7_0_axi_periph/s00_couplers/auto_pc/inst/gen_axilite.gen_b2s_conv.axilite_b2s/WR.aw_channel_0/aw_cmd_fsm_0/wrap_boundary_axaddr_r_reg[0][0]      |                                                                                                                                                       |                6 |              8 |
|  Translator_v1_0_bfm_1_i/processing_system7_0/inst/FCLK_CLK0 | Translator_v1_0_bfm_1_i/ps7_0_axi_periph/s00_couplers/auto_pc/inst/gen_axilite.gen_b2s_conv.axilite_b2s/WR.aw_channel_0/cmd_translator_0/incr_cmd_0/axaddr_incr[0]_i_1_n_0 |                                                                                                                                                       |                2 |              8 |
|  Translator_v1_0_bfm_1_i/processing_system7_0/inst/FCLK_CLK0 |                                                                                                                                                                            | Translator_v1_0_bfm_1_i/Translator_1/U0/Translator_v1_0_S00_AXI_inst/axi_awready_i_1_n_0                                                              |                3 |             11 |
|  Translator_v1_0_bfm_1_i/processing_system7_0/inst/FCLK_CLK0 | Translator_v1_0_bfm_1_i/ps7_0_axi_periph/s00_couplers/auto_pc/inst/gen_axilite.gen_b2s_conv.axilite_b2s/RD.r_channel_0/r_push_r                                            |                                                                                                                                                       |                4 |             13 |
|  Translator_v1_0_bfm_1_i/processing_system7_0/inst/FCLK_CLK0 | Translator_v1_0_bfm_1_i/ps7_0_axi_periph/s00_couplers/auto_pc/inst/gen_axilite.gen_b2s_conv.axilite_b2s/SI_REG/b_pipe/p_1_in                                               |                                                                                                                                                       |                3 |             14 |
|  Translator_v1_0_bfm_1_i/processing_system7_0/inst/FCLK_CLK0 | Translator_v1_0_bfm_1_i/ps7_0_axi_periph/s00_couplers/auto_pc/inst/gen_axilite.gen_b2s_conv.axilite_b2s/SI_REG/b_pipe/skid_buffer_reg[0]_0                                 |                                                                                                                                                       |                3 |             14 |
|  Translator_v1_0_bfm_1_i/processing_system7_0/inst/FCLK_CLK0 | Translator_v1_0_bfm_1_i/ps7_0_axi_periph/s00_couplers/auto_pc/inst/gen_axilite.gen_b2s_conv.axilite_b2s/RD.ar_channel_0/ar_cmd_fsm_0/axlen_cnt_reg[3][0]                   |                                                                                                                                                       |                5 |             16 |
|  Translator_v1_0_bfm_1_i/processing_system7_0/inst/FCLK_CLK0 | Translator_v1_0_bfm_1_i/ps7_0_axi_periph/s00_couplers/auto_pc/inst/gen_axilite.gen_b2s_conv.axilite_b2s/WR.aw_channel_0/aw_cmd_fsm_0/E[0]                                  |                                                                                                                                                       |                7 |             16 |
|  Translator_v1_0_bfm_1_i/processing_system7_0/inst/FCLK_CLK0 | Translator_v1_0_bfm_1_i/ps7_0_axi_periph/s00_couplers/auto_pc/inst/gen_axilite.gen_b2s_conv.axilite_b2s/WR.aw_channel_0/aw_cmd_fsm_0/b_push                                |                                                                                                                                                       |                3 |             16 |
|  Translator_v1_0_bfm_1_i/processing_system7_0/inst/FCLK_CLK0 | Translator_v1_0_bfm_1_i/ps7_0_axi_periph/s00_couplers/auto_pc/inst/gen_axilite.gen_b2s_conv.axilite_b2s/SI_REG/ar_pipe/s_axi_arready                                       |                                                                                                                                                       |                6 |             28 |
|  Translator_v1_0_bfm_1_i/processing_system7_0/inst/FCLK_CLK0 | Translator_v1_0_bfm_1_i/ps7_0_axi_periph/s00_couplers/auto_pc/inst/gen_axilite.gen_b2s_conv.axilite_b2s/SI_REG/aw_pipe/s_axi_awready                                       |                                                                                                                                                       |                7 |             28 |
|  Translator_v1_0_bfm_1_i/processing_system7_0/inst/FCLK_CLK0 | Translator_v1_0_bfm_1_i/ps7_0_axi_periph/s00_couplers/auto_pc/inst/gen_axilite.gen_b2s_conv.axilite_b2s/WR.aw_channel_0/aw_cmd_fsm_0/m_payload_i_reg[0][0]                 |                                                                                                                                                       |                7 |             28 |
|  Translator_v1_0_bfm_1_i/processing_system7_0/inst/FCLK_CLK0 | Translator_v1_0_bfm_1_i/ps7_0_axi_periph/s00_couplers/auto_pc/inst/gen_axilite.gen_b2s_conv.axilite_b2s/RD.ar_channel_0/ar_cmd_fsm_0/m_payload_i_reg[0]_1[0]               |                                                                                                                                                       |                6 |             28 |
|  Translator_v1_0_bfm_1_i/processing_system7_0/inst/FCLK_CLK0 | Translator_v1_0_bfm_1_i/Translator_1/U0/Translator_v1_0_S00_AXI_inst/axi_rdata[31]_i_1_n_0                                                                                 | Translator_v1_0_bfm_1_i/Translator_1/U0/Translator_v1_0_S00_AXI_inst/axi_awready_i_1_n_0                                                              |               17 |             32 |
|  Translator_v1_0_bfm_1_i/processing_system7_0/inst/FCLK_CLK0 | Translator_v1_0_bfm_1_i/ps7_0_axi_periph/s00_couplers/auto_pc/inst/gen_axilite.gen_b2s_conv.axilite_b2s/RD.r_channel_0/rd_data_fifo_0/wr_en0                               |                                                                                                                                                       |                9 |             34 |
|  Translator_v1_0_bfm_1_i/processing_system7_0/inst/FCLK_CLK0 | Translator_v1_0_bfm_1_i/ps7_0_axi_periph/s00_couplers/auto_pc/inst/gen_axilite.gen_b2s_conv.axilite_b2s/SI_REG/r_pipe/p_1_in                                               |                                                                                                                                                       |                8 |             47 |
|  Translator_v1_0_bfm_1_i/processing_system7_0/inst/FCLK_CLK0 | Translator_v1_0_bfm_1_i/ps7_0_axi_periph/s00_couplers/auto_pc/inst/gen_axilite.gen_b2s_conv.axilite_b2s/SI_REG/r_pipe/skid_buffer_reg[0]_0                                 |                                                                                                                                                       |                9 |             47 |
|  Translator_v1_0_bfm_1_i/processing_system7_0/inst/FCLK_CLK0 |                                                                                                                                                                            | Translator_v1_0_bfm_1_i/ps7_0_axi_periph/s00_couplers/auto_pc/inst/gen_axilite.gen_b2s_conv.axilite_b2s/areset_d1                                     |               14 |             57 |
|  Translator_v1_0_bfm_1_i/processing_system7_0/inst/FCLK_CLK0 |                                                                                                                                                                            |                                                                                                                                                       |               31 |            104 |
+--------------------------------------------------------------+----------------------------------------------------------------------------------------------------------------------------------------------------------------------------+-------------------------------------------------------------------------------------------------------------------------------------------------------+------------------+----------------+


+--------+-----------------------+
| Fanout | Number of ControlSets |
+--------+-----------------------+
| 2      |                     1 |
| 4      |                     5 |
| 6      |                     1 |
| 8      |                    37 |
| 11     |                     1 |
| 13     |                     1 |
| 14     |                     2 |
| 16+    |                    13 |
+--------+-----------------------+


