
*** Running vivado
    with args -log system_xadc_wiz_0_0.vds -m64 -product Vivado -mode batch -messageDb vivado.pb -notrace -source system_xadc_wiz_0_0.tcl


****** Vivado v2016.4 (64-bit)
  **** SW Build 1756540 on Mon Jan 23 19:11:23 MST 2017
  **** IP Build 1755317 on Mon Jan 23 20:30:07 MST 2017
    ** Copyright 1986-2016 Xilinx, Inc. All Rights Reserved.

source system_xadc_wiz_0_0.tcl -notrace
Starting RTL Elaboration : Time (s): cpu = 00:00:06 ; elapsed = 00:00:08 . Memory (MB): peak = 293.836 ; gain = 83.414
INFO: [Synth 8-638] synthesizing module 'system_xadc_wiz_0_0' [c:/EAAES/asignments/LineArray/LineArray.srcs/sources_1/bd/system/ip/system_xadc_wiz_0_0/system_xadc_wiz_0_0.vhd:78]
INFO: [Synth 8-638] synthesizing module 'system_xadc_wiz_0_0_axi_xadc' [c:/EAAES/asignments/LineArray/LineArray.srcs/sources_1/bd/system/ip/system_xadc_wiz_0_0/system_xadc_wiz_0_0_axi_xadc.vhd:123]
INFO: [Synth 8-638] synthesizing module 'system_xadc_wiz_0_0_xadc_core_drp' [c:/EAAES/asignments/LineArray/LineArray.srcs/sources_1/bd/system/ip/system_xadc_wiz_0_0/system_xadc_wiz_0_0_xadc_core_drp.vhd:141]
INFO: [Synth 8-638] synthesizing module 'drp_to_axi4stream' [c:/EAAES/asignments/LineArray/LineArray.srcs/sources_1/bd/system/ip/system_xadc_wiz_0_0/system_xadc_wiz_0_0_drp_to_axi_stream.vhd:83]
INFO: [Synth 8-256] done synthesizing module 'drp_to_axi4stream' (1#1) [c:/EAAES/asignments/LineArray/LineArray.srcs/sources_1/bd/system/ip/system_xadc_wiz_0_0/system_xadc_wiz_0_0_drp_to_axi_stream.vhd:83]
INFO: [Synth 8-256] done synthesizing module 'system_xadc_wiz_0_0_xadc_core_drp' (2#1) [c:/EAAES/asignments/LineArray/LineArray.srcs/sources_1/bd/system/ip/system_xadc_wiz_0_0/system_xadc_wiz_0_0_xadc_core_drp.vhd:141]
INFO: [Synth 8-256] done synthesizing module 'system_xadc_wiz_0_0_axi_xadc' (3#1) [c:/EAAES/asignments/LineArray/LineArray.srcs/sources_1/bd/system/ip/system_xadc_wiz_0_0/system_xadc_wiz_0_0_axi_xadc.vhd:123]
INFO: [Synth 8-256] done synthesizing module 'system_xadc_wiz_0_0' (4#1) [c:/EAAES/asignments/LineArray/LineArray.srcs/sources_1/bd/system/ip/system_xadc_wiz_0_0/system_xadc_wiz_0_0.vhd:78]
Finished RTL Elaboration : Time (s): cpu = 00:00:07 ; elapsed = 00:00:09 . Memory (MB): peak = 331.211 ; gain = 120.789
Finished RTL Optimization Phase 1 : Time (s): cpu = 00:00:07 ; elapsed = 00:00:09 . Memory (MB): peak = 331.211 ; gain = 120.789
INFO: [Device 21-403] Loading part xc7z010clg400-1
Constraint Validation Runtime : Time (s): cpu = 00:00:00 ; elapsed = 00:00:00.016 . Memory (MB): peak = 584.359 ; gain = 0.004
Finished Constraint Validation : Time (s): cpu = 00:00:18 ; elapsed = 00:00:20 . Memory (MB): peak = 584.359 ; gain = 373.938
Finished Loading Part and Timing Information : Time (s): cpu = 00:00:18 ; elapsed = 00:00:20 . Memory (MB): peak = 584.359 ; gain = 373.938
Finished applying 'set_property' XDC Constraints : Time (s): cpu = 00:00:18 ; elapsed = 00:00:20 . Memory (MB): peak = 584.359 ; gain = 373.938
Finished RTL Optimization Phase 2 : Time (s): cpu = 00:00:18 ; elapsed = 00:00:21 . Memory (MB): peak = 584.359 ; gain = 373.938
Finished Cross Boundary and Area Optimization : Time (s): cpu = 00:00:18 ; elapsed = 00:00:21 . Memory (MB): peak = 584.359 ; gain = 373.938
Finished Applying XDC Timing Constraints : Time (s): cpu = 00:00:30 ; elapsed = 00:00:32 . Memory (MB): peak = 592.238 ; gain = 381.816
Finished Timing Optimization : Time (s): cpu = 00:00:30 ; elapsed = 00:00:32 . Memory (MB): peak = 602.016 ; gain = 391.594
Finished Technology Mapping : Time (s): cpu = 00:00:30 ; elapsed = 00:00:32 . Memory (MB): peak = 611.660 ; gain = 401.238
Finished IO Insertion : Time (s): cpu = 00:00:30 ; elapsed = 00:00:33 . Memory (MB): peak = 611.660 ; gain = 401.238
Finished Renaming Generated Instances : Time (s): cpu = 00:00:30 ; elapsed = 00:00:33 . Memory (MB): peak = 611.660 ; gain = 401.238
Finished Rebuilding User Hierarchy : Time (s): cpu = 00:00:30 ; elapsed = 00:00:33 . Memory (MB): peak = 611.660 ; gain = 401.238
Finished Renaming Generated Ports : Time (s): cpu = 00:00:30 ; elapsed = 00:00:33 . Memory (MB): peak = 611.660 ; gain = 401.238
Finished Handling Custom Attributes : Time (s): cpu = 00:00:30 ; elapsed = 00:00:33 . Memory (MB): peak = 611.660 ; gain = 401.238
Finished Renaming Generated Nets : Time (s): cpu = 00:00:30 ; elapsed = 00:00:33 . Memory (MB): peak = 611.660 ; gain = 401.238

Report Cell Usage: 
+------+---------+------+
|      |Cell     |Count |
+------+---------+------+
|1     |FIFO18E1 |     2|
|2     |LUT1     |     2|
|3     |LUT2     |     4|
|4     |LUT3     |     1|
|5     |LUT4     |     1|
|6     |LUT5     |     6|
|7     |LUT6     |     6|
|8     |XADC     |     1|
|9     |FDCE     |    12|
+------+---------+------+
Finished Writing Synthesis Report : Time (s): cpu = 00:00:30 ; elapsed = 00:00:33 . Memory (MB): peak = 611.660 ; gain = 401.238
synth_design: Time (s): cpu = 00:00:29 ; elapsed = 00:00:30 . Memory (MB): peak = 625.453 ; gain = 408.898
