
*** Running vivado
    with args -log system_xadc_wiz_0_0.vds -m64 -product Vivado -mode batch -messageDb vivado.pb -notrace -source system_xadc_wiz_0_0.tcl


****** Vivado v2016.4 (64-bit)
  **** SW Build 1756540 on Mon Jan 23 19:11:23 MST 2017
  **** IP Build 1755317 on Mon Jan 23 20:30:07 MST 2017
    ** Copyright 1986-2016 Xilinx, Inc. All Rights Reserved.

source system_xadc_wiz_0_0.tcl -notrace
Starting RTL Elaboration : Time (s): cpu = 00:00:07 ; elapsed = 00:00:10 . Memory (MB): peak = 292.547 ; gain = 82.371
INFO: [Synth 8-638] synthesizing module 'system_xadc_wiz_0_0' [c:/EAAES/asignments/LineArray/LineArray.srcs/sources_1/bd/system/ip/system_xadc_wiz_0_0/system_xadc_wiz_0_0.vhd:78]
INFO: [Synth 8-638] synthesizing module 'system_xadc_wiz_0_0_axi_xadc' [c:/EAAES/asignments/LineArray/LineArray.srcs/sources_1/bd/system/ip/system_xadc_wiz_0_0/system_xadc_wiz_0_0_axi_xadc.vhd:123]
INFO: [Synth 8-638] synthesizing module 'system_xadc_wiz_0_0_xadc_core_drp' [c:/EAAES/asignments/LineArray/LineArray.srcs/sources_1/bd/system/ip/system_xadc_wiz_0_0/system_xadc_wiz_0_0_xadc_core_drp.vhd:141]
INFO: [Synth 8-638] synthesizing module 'drp_to_axi4stream' [c:/EAAES/asignments/LineArray/LineArray.srcs/sources_1/bd/system/ip/system_xadc_wiz_0_0/system_xadc_wiz_0_0_drp_to_axi_stream.vhd:83]
INFO: [Synth 8-256] done synthesizing module 'drp_to_axi4stream' (1#1) [c:/EAAES/asignments/LineArray/LineArray.srcs/sources_1/bd/system/ip/system_xadc_wiz_0_0/system_xadc_wiz_0_0_drp_to_axi_stream.vhd:83]
INFO: [Synth 8-256] done synthesizing module 'system_xadc_wiz_0_0_xadc_core_drp' (2#1) [c:/EAAES/asignments/LineArray/LineArray.srcs/sources_1/bd/system/ip/system_xadc_wiz_0_0/system_xadc_wiz_0_0_xadc_core_drp.vhd:141]
INFO: [Synth 8-256] done synthesizing module 'system_xadc_wiz_0_0_axi_xadc' (3#1) [c:/EAAES/asignments/LineArray/LineArray.srcs/sources_1/bd/system/ip/system_xadc_wiz_0_0/system_xadc_wiz_0_0_axi_xadc.vhd:123]
INFO: [Synth 8-256] done synthesizing module 'system_xadc_wiz_0_0' (4#1) [c:/EAAES/asignments/LineArray/LineArray.srcs/sources_1/bd/system/ip/system_xadc_wiz_0_0/system_xadc_wiz_0_0.vhd:78]
Finished RTL Elaboration : Time (s): cpu = 00:00:08 ; elapsed = 00:00:11 . Memory (MB): peak = 329.879 ; gain = 119.703
Finished RTL Optimization Phase 1 : Time (s): cpu = 00:00:08 ; elapsed = 00:00:11 . Memory (MB): peak = 329.879 ; gain = 119.703
INFO: [Device 21-403] Loading part xc7z010clg400-1
Constraint Validation Runtime : Time (s): cpu = 00:00:01 ; elapsed = 00:00:00.024 . Memory (MB): peak = 582.793 ; gain = 0.000
Finished Constraint Validation : Time (s): cpu = 00:00:20 ; elapsed = 00:00:23 . Memory (MB): peak = 582.793 ; gain = 372.617
Finished Loading Part and Timing Information : Time (s): cpu = 00:00:20 ; elapsed = 00:00:23 . Memory (MB): peak = 582.793 ; gain = 372.617
Finished applying 'set_property' XDC Constraints : Time (s): cpu = 00:00:20 ; elapsed = 00:00:23 . Memory (MB): peak = 582.793 ; gain = 372.617
Finished RTL Optimization Phase 2 : Time (s): cpu = 00:00:20 ; elapsed = 00:00:23 . Memory (MB): peak = 582.793 ; gain = 372.617
Finished Cross Boundary and Area Optimization : Time (s): cpu = 00:00:20 ; elapsed = 00:00:24 . Memory (MB): peak = 582.793 ; gain = 372.617
Finished Applying XDC Timing Constraints : Time (s): cpu = 00:00:32 ; elapsed = 00:00:36 . Memory (MB): peak = 590.602 ; gain = 380.426
Finished Timing Optimization : Time (s): cpu = 00:00:32 ; elapsed = 00:00:36 . Memory (MB): peak = 600.406 ; gain = 390.230
Finished Technology Mapping : Time (s): cpu = 00:00:32 ; elapsed = 00:00:36 . Memory (MB): peak = 611.043 ; gain = 400.867
Finished IO Insertion : Time (s): cpu = 00:00:33 ; elapsed = 00:00:37 . Memory (MB): peak = 611.043 ; gain = 400.867
Finished Renaming Generated Instances : Time (s): cpu = 00:00:33 ; elapsed = 00:00:37 . Memory (MB): peak = 611.043 ; gain = 400.867
Finished Rebuilding User Hierarchy : Time (s): cpu = 00:00:33 ; elapsed = 00:00:37 . Memory (MB): peak = 611.043 ; gain = 400.867
Finished Renaming Generated Ports : Time (s): cpu = 00:00:33 ; elapsed = 00:00:37 . Memory (MB): peak = 611.043 ; gain = 400.867
Finished Handling Custom Attributes : Time (s): cpu = 00:00:33 ; elapsed = 00:00:37 . Memory (MB): peak = 611.043 ; gain = 400.867
Finished Renaming Generated Nets : Time (s): cpu = 00:00:33 ; elapsed = 00:00:37 . Memory (MB): peak = 611.043 ; gain = 400.867

Report Cell Usage: 
+------+---------+------+
|      |Cell     |Count |
+------+---------+------+
|1     |FIFO18E1 |     2|
|2     |LUT1     |     2|
|3     |LUT2     |     4|
|4     |LUT3     |     1|
|5     |LUT4     |     1|
|6     |LUT5     |     6|
|7     |LUT6     |     6|
|8     |XADC     |     1|
|9     |FDCE     |    12|
+------+---------+------+
Finished Writing Synthesis Report : Time (s): cpu = 00:00:33 ; elapsed = 00:00:37 . Memory (MB): peak = 611.043 ; gain = 400.867
synth_design: Time (s): cpu = 00:00:32 ; elapsed = 00:00:33 . Memory (MB): peak = 624.613 ; gain = 408.445
