
*** Running vivado
    with args -log system_fir_compiler_9_3.vds -m64 -product Vivado -mode batch -messageDb vivado.pb -notrace -source system_fir_compiler_9_3.tcl


****** Vivado v2016.4 (64-bit)
  **** SW Build 1756540 on Mon Jan 23 19:11:23 MST 2017
  **** IP Build 1755317 on Mon Jan 23 20:30:07 MST 2017
    ** Copyright 1986-2016 Xilinx, Inc. All Rights Reserved.

source system_fir_compiler_9_3.tcl -notrace
Starting RTL Elaboration : Time (s): cpu = 00:00:09 ; elapsed = 00:00:13 . Memory (MB): peak = 296.531 ; gain = 86.418
INFO: [Synth 8-638] synthesizing module 'system_fir_compiler_9_3' [c:/Users/Mykho/Documents/repos/LineArrayZybo/LineArray/LineArray/LineArray.srcs/sources_1/bd/system/ip/system_fir_compiler_9_3/synth/system_fir_compiler_9_3.vhd:70]
INFO: [Synth 8-256] done synthesizing module 'system_fir_compiler_9_3' (10#1) [c:/Users/Mykho/Documents/repos/LineArrayZybo/LineArray/LineArray/LineArray.srcs/sources_1/bd/system/ip/system_fir_compiler_9_3/synth/system_fir_compiler_9_3.vhd:70]
Finished RTL Elaboration : Time (s): cpu = 00:00:20 ; elapsed = 00:00:25 . Memory (MB): peak = 367.277 ; gain = 157.164
Finished RTL Optimization Phase 1 : Time (s): cpu = 00:00:20 ; elapsed = 00:00:25 . Memory (MB): peak = 367.277 ; gain = 157.164
INFO: [Device 21-403] Loading part xc7z010clg400-1
Constraint Validation Runtime : Time (s): cpu = 00:00:00 ; elapsed = 00:00:00.028 . Memory (MB): peak = 564.445 ; gain = 0.000
Finished Constraint Validation : Time (s): cpu = 00:00:33 ; elapsed = 00:00:39 . Memory (MB): peak = 564.445 ; gain = 354.332
Finished Loading Part and Timing Information : Time (s): cpu = 00:00:33 ; elapsed = 00:00:39 . Memory (MB): peak = 564.445 ; gain = 354.332
Finished applying 'set_property' XDC Constraints : Time (s): cpu = 00:00:33 ; elapsed = 00:00:39 . Memory (MB): peak = 564.445 ; gain = 354.332
Finished RTL Optimization Phase 2 : Time (s): cpu = 00:00:34 ; elapsed = 00:00:40 . Memory (MB): peak = 564.445 ; gain = 354.332
Finished Cross Boundary and Area Optimization : Time (s): cpu = 00:00:35 ; elapsed = 00:00:41 . Memory (MB): peak = 564.445 ; gain = 354.332
Finished Applying XDC Timing Constraints : Time (s): cpu = 00:00:55 ; elapsed = 00:01:01 . Memory (MB): peak = 644.242 ; gain = 434.129
Finished Timing Optimization : Time (s): cpu = 00:00:55 ; elapsed = 00:01:01 . Memory (MB): peak = 648.277 ; gain = 438.164
Finished Technology Mapping : Time (s): cpu = 00:00:55 ; elapsed = 00:01:02 . Memory (MB): peak = 667.613 ; gain = 457.500
Finished IO Insertion : Time (s): cpu = 00:00:56 ; elapsed = 00:01:03 . Memory (MB): peak = 667.613 ; gain = 457.500
Finished Renaming Generated Instances : Time (s): cpu = 00:00:56 ; elapsed = 00:01:03 . Memory (MB): peak = 667.613 ; gain = 457.500
Finished Rebuilding User Hierarchy : Time (s): cpu = 00:00:56 ; elapsed = 00:01:03 . Memory (MB): peak = 667.613 ; gain = 457.500
Finished Renaming Generated Ports : Time (s): cpu = 00:00:56 ; elapsed = 00:01:03 . Memory (MB): peak = 667.613 ; gain = 457.500
Finished Handling Custom Attributes : Time (s): cpu = 00:00:56 ; elapsed = 00:01:03 . Memory (MB): peak = 667.613 ; gain = 457.500
Finished Renaming Generated Nets : Time (s): cpu = 00:00:56 ; elapsed = 00:01:03 . Memory (MB): peak = 667.613 ; gain = 457.500

Report Cell Usage: 
+------+-----------+------+
|      |Cell       |Count |
+------+-----------+------+
|1     |CARRY4     |     6|
|2     |DSP48E1    |     1|
|3     |LUT1       |    17|
|4     |LUT2       |    12|
|5     |LUT4       |     1|
|6     |LUT5       |     1|
|7     |LUT6       |     2|
|8     |RAMB36E1   |     2|
|9     |RAMB36E1_1 |     1|
|10    |RAMB36E1_2 |     1|
|11    |SRL16E     |    19|
|12    |FDRE       |    81|
+------+-----------+------+
Finished Writing Synthesis Report : Time (s): cpu = 00:00:56 ; elapsed = 00:01:03 . Memory (MB): peak = 667.613 ; gain = 457.500
synth_design: Time (s): cpu = 00:00:54 ; elapsed = 00:00:58 . Memory (MB): peak = 667.613 ; gain = 448.570
write_checkpoint: Time (s): cpu = 00:00:01 ; elapsed = 00:00:20 . Memory (MB): peak = 667.613 ; gain = 0.000
